2025-12-17 14:28:29,884 [INFO] __main__ - ============================================================
2025-12-17 14:28:29,884 [INFO] __main__ - BATCH SIMILARITY (по категориям)
2025-12-17 14:28:29,885 [INFO] __main__ - top_n=500
2025-12-17 14:28:29,885 [INFO] __main__ - ============================================================
2025-12-17 14:28:29,885 [INFO] app.services.similarity_engine.engine - [ENGINE] загрузка данных...
2025-12-17 14:28:39,802 [INFO] app.services.similarity_engine.engine - [ENGINE] категорий: 48, каналов: 198791
2025-12-17 14:28:39,822 [INFO] app.services.similarity_engine.engine - [ENGINE] [1/48] 'блоги': 18840 каналов → расчёт...
2025-12-17 14:49:06,839 [INFO] app.services.similarity_engine.engine - [ENGINE] [1/48] 'блоги': готово (18840 результатов), сохраняю...
2025-12-17 14:49:54,570 [INFO] app.services.similarity_engine.engine - [ENGINE] [1/48] 'блоги': сохранено 18840 результатов
2025-12-17 14:49:56,601 [INFO] app.services.similarity_engine.engine - [ENGINE] [2/48] 'новости и сми': 15812 каналов → расчёт...
2025-12-17 15:05:38,368 [INFO] app.services.similarity_engine.engine - [ENGINE] [2/48] 'новости и сми': готово (15812 результатов), сохраняю...
2025-12-17 15:06:23,280 [INFO] app.services.similarity_engine.engine - [ENGINE] [2/48] 'новости и сми': сохранено 15812 результатов
2025-12-17 15:06:25,307 [INFO] app.services.similarity_engine.engine - [ENGINE] [3/48] 'мода и красота': 10883 каналов → расчёт...
2025-12-17 15:14:47,954 [INFO] app.services.similarity_engine.engine - [ENGINE] [3/48] 'мода и красота': готово (10883 результатов), сохраняю...
2025-12-17 15:15:17,801 [INFO] app.services.similarity_engine.engine - [ENGINE] [3/48] 'мода и красота': сохранено 10883 результатов
2025-12-17 15:15:19,828 [INFO] app.services.similarity_engine.engine - [ENGINE] [4/48] 'игры': 8934 каналов → расчёт...
2025-12-17 15:20:20,484 [INFO] app.services.similarity_engine.engine - [ENGINE] [4/48] 'игры': готово (8934 результатов), сохраняю...
2025-12-17 15:20:43,325 [INFO] app.services.similarity_engine.engine - [ENGINE] [4/48] 'игры': сохранено 8934 результатов
2025-12-17 15:20:45,349 [INFO] app.services.similarity_engine.engine - [ENGINE] [5/48] 'другое': 8265 каналов → расчёт...
2025-12-17 15:24:56,273 [INFO] app.services.similarity_engine.engine - [ENGINE] [5/48] 'другое': готово (8265 результатов), сохраняю...
2025-12-17 15:25:11,221 [INFO] app.services.similarity_engine.engine - [ENGINE] [5/48] 'другое': сохранено 8265 результатов
2025-12-17 15:25:13,241 [INFO] app.services.similarity_engine.engine - [ENGINE] [6/48] 'продажи': 6077 каналов → расчёт...
2025-12-17 15:27:45,968 [INFO] app.services.similarity_engine.engine - [ENGINE] [6/48] 'продажи': готово (6077 результатов), сохраняю...
2025-12-17 15:28:01,821 [INFO] app.services.similarity_engine.engine - [ENGINE] [6/48] 'продажи': сохранено 6077 результатов
2025-12-17 15:28:03,838 [INFO] app.services.similarity_engine.engine - [ENGINE] [7/48] 'образование': 5781 каналов → расчёт...
2025-12-17 15:30:17,812 [INFO] app.services.similarity_engine.engine - [ENGINE] [7/48] 'образование': готово (5781 результатов), сохраняю...
2025-12-17 15:30:32,074 [INFO] app.services.similarity_engine.engine - [ENGINE] [7/48] 'образование': сохранено 5781 результатов
2025-12-17 15:30:34,094 [INFO] app.services.similarity_engine.engine - [ENGINE] [8/48] 'криптовалюты': 5661 каналов → расчёт...
2025-12-17 15:32:36,985 [INFO] app.services.similarity_engine.engine - [ENGINE] [8/48] 'криптовалюты': готово (5661 результатов), сохраняю...
2025-12-17 15:32:50,436 [INFO] app.services.similarity_engine.engine - [ENGINE] [8/48] 'криптовалюты': сохранено 5661 результатов
2025-12-17 15:32:52,455 [INFO] app.services.similarity_engine.engine - [ENGINE] [9/48] 'психология': 5429 каналов → расчёт...
2025-12-17 15:35:03,998 [INFO] app.services.similarity_engine.engine - [ENGINE] [9/48] 'психология': готово (5429 результатов), сохраняю...
2025-12-17 15:35:19,911 [INFO] app.services.similarity_engine.engine - [ENGINE] [9/48] 'психология': сохранено 5429 результатов
2025-12-17 15:35:21,927 [INFO] app.services.similarity_engine.engine - [ENGINE] [10/48] 'бизнес и стартапы': 5158 каналов → расчёт...
2025-12-17 15:37:26,497 [INFO] app.services.similarity_engine.engine - [ENGINE] [10/48] 'бизнес и стартапы': готово (5158 результатов), сохраняю...
2025-12-17 15:37:40,807 [INFO] app.services.similarity_engine.engine - [ENGINE] [10/48] 'бизнес и стартапы': сохранено 5158 результатов
2025-12-17 15:37:42,824 [INFO] app.services.similarity_engine.engine - [ENGINE] [11/48] 'музыка': 4395 каналов → расчёт...
2025-12-17 15:38:56,709 [INFO] app.services.similarity_engine.engine - [ENGINE] [11/48] 'музыка': готово (4395 результатов), сохраняю...
2025-12-17 15:39:04,251 [INFO] app.services.similarity_engine.engine - [ENGINE] [11/48] 'музыка': сохранено 4395 результатов
2025-12-17 15:39:06,272 [INFO] app.services.similarity_engine.engine - [ENGINE] [12/48] 'путешествия': 4755 каналов → расчёт...
2025-12-17 15:40:45,403 [INFO] app.services.similarity_engine.engine - [ENGINE] [12/48] 'путешествия': готово (4755 результатов), сохраняю...
2025-12-17 15:40:57,696 [INFO] app.services.similarity_engine.engine - [ENGINE] [12/48] 'путешествия': сохранено 4755 результатов
2025-12-17 15:40:59,709 [INFO] app.services.similarity_engine.engine - [ENGINE] [13/48] 'юмор и развлечения': 4454 каналов → расчёт...
2025-12-17 15:42:13,279 [INFO] app.services.similarity_engine.engine - [ENGINE] [13/48] 'юмор и развлечения': готово (4454 результатов), сохраняю...
2025-12-17 15:42:21,354 [INFO] app.services.similarity_engine.engine - [ENGINE] [13/48] 'юмор и развлечения': сохранено 4454 результатов
2025-12-17 15:42:23,366 [INFO] app.services.similarity_engine.engine - [ENGINE] [14/48] 'технологии': 4609 каналов → расчёт...
2025-12-17 15:43:50,220 [INFO] app.services.similarity_engine.engine - [ENGINE] [14/48] 'технологии': готово (4609 результатов), сохраняю...
2025-12-17 15:44:00,537 [INFO] app.services.similarity_engine.engine - [ENGINE] [14/48] 'технологии': сохранено 4609 результатов
2025-12-17 15:44:02,555 [INFO] app.services.similarity_engine.engine - [ENGINE] [15/48] 'картинки и фото': 4004 каналов → расчёт...
2025-12-17 15:44:59,115 [INFO] app.services.similarity_engine.engine - [ENGINE] [15/48] 'картинки и фото': готово (4004 результатов), сохраняю...
2025-12-17 15:45:04,440 [INFO] app.services.similarity_engine.engine - [ENGINE] [15/48] 'картинки и фото': сохранено 4004 результатов
2025-12-17 15:45:06,456 [INFO] app.services.similarity_engine.engine - [ENGINE] [16/48] 'спорт': 3949 каналов → расчёт...
2025-12-17 15:46:04,894 [INFO] app.services.similarity_engine.engine - [ENGINE] [16/48] 'спорт': готово (3949 результатов), сохраняю...
2025-12-17 15:46:12,704 [INFO] app.services.similarity_engine.engine - [ENGINE] [16/48] 'спорт': сохранено 3949 результатов
2025-12-17 15:46:14,719 [INFO] app.services.similarity_engine.engine - [ENGINE] [17/48] 'политика': 3679 каналов → расчёт...
2025-12-17 15:47:06,628 [INFO] app.services.similarity_engine.engine - [ENGINE] [17/48] 'политика': готово (3679 результатов), сохраняю...
2025-12-17 15:47:12,554 [INFO] app.services.similarity_engine.engine - [ENGINE] [17/48] 'политика': сохранено 3679 результатов
2025-12-17 15:47:14,570 [INFO] app.services.similarity_engine.engine - [ENGINE] [18/48] 'еда и кулинария': 3689 каналов → расчёт...
2025-12-17 15:48:12,145 [INFO] app.services.similarity_engine.engine - [ENGINE] [18/48] 'еда и кулинария': готово (3689 результатов), сохраняю...
2025-12-17 15:48:20,324 [INFO] app.services.similarity_engine.engine - [ENGINE] [18/48] 'еда и кулинария': сохранено 3689 результатов
2025-12-17 15:48:22,343 [INFO] app.services.similarity_engine.engine - [ENGINE] [19/48] 'цитаты': 3079 каналов → расчёт...
2025-12-17 15:48:54,973 [INFO] app.services.similarity_engine.engine - [ENGINE] [19/48] 'цитаты': готово (3079 результатов), сохраняю...
2025-12-17 15:48:58,805 [INFO] app.services.similarity_engine.engine - [ENGINE] [19/48] 'цитаты': сохранено 3079 результатов
2025-12-17 15:49:00,815 [INFO] app.services.similarity_engine.engine - [ENGINE] [20/48] 'видео и фильмы': 3332 каналов → расчёт...
2025-12-17 15:49:42,985 [INFO] app.services.similarity_engine.engine - [ENGINE] [20/48] 'видео и фильмы': готово (3332 результатов), сохраняю...
2025-12-17 15:49:49,438 [INFO] app.services.similarity_engine.engine - [ENGINE] [20/48] 'видео и фильмы': сохранено 3332 результатов
2025-12-17 15:49:51,457 [INFO] app.services.similarity_engine.engine - [ENGINE] [21/48] 'эзотерика': 3409 каналов → расчёт...
2025-12-17 15:50:43,176 [INFO] app.services.similarity_engine.engine - [ENGINE] [21/48] 'эзотерика': готово (3409 результатов), сохраняю...
2025-12-17 15:50:51,073 [INFO] app.services.similarity_engine.engine - [ENGINE] [21/48] 'эзотерика': сохранено 3409 результатов
2025-12-17 15:50:53,099 [INFO] app.services.similarity_engine.engine - [ENGINE] [22/48] 'экономика': 3401 каналов → расчёт...
2025-12-17 15:51:46,355 [INFO] app.services.similarity_engine.engine - [ENGINE] [22/48] 'экономика': готово (3401 результатов), сохраняю...
2025-12-17 15:51:55,005 [INFO] app.services.similarity_engine.engine - [ENGINE] [22/48] 'экономика': сохранено 3401 результатов
2025-12-17 15:51:57,022 [INFO] app.services.similarity_engine.engine - [ENGINE] [23/48] 'познавательное': 3234 каналов → расчёт...
2025-12-17 15:52:40,694 [INFO] app.services.similarity_engine.engine - [ENGINE] [23/48] 'познавательное': готово (3234 результатов), сохраняю...
2025-12-17 15:52:47,268 [INFO] app.services.similarity_engine.engine - [ENGINE] [23/48] 'познавательное': сохранено 3234 результатов
2025-12-17 15:52:49,284 [INFO] app.services.similarity_engine.engine - [ENGINE] [24/48] 'искусство': 3136 каналов → расчёт...
2025-12-17 15:53:29,529 [INFO] app.services.similarity_engine.engine - [ENGINE] [24/48] 'искусство': готово (3136 результатов), сохраняю...
2025-12-17 15:53:35,584 [INFO] app.services.similarity_engine.engine - [ENGINE] [24/48] 'искусство': сохранено 3136 результатов
2025-12-17 15:53:37,600 [INFO] app.services.similarity_engine.engine - [ENGINE] [25/48] 'книги': 3084 каналов → расчёт...
2025-12-17 15:54:19,368 [INFO] app.services.similarity_engine.engine - [ENGINE] [25/48] 'книги': готово (3084 результатов), сохраняю...
2025-12-17 15:54:26,079 [INFO] app.services.similarity_engine.engine - [ENGINE] [25/48] 'книги': сохранено 3084 результатов
2025-12-17 15:54:28,090 [INFO] app.services.similarity_engine.engine - [ENGINE] [26/48] 'здоровье и фитнес': 3090 каналов → расчёт...
2025-12-17 15:55:12,145 [INFO] app.services.similarity_engine.engine - [ENGINE] [26/48] 'здоровье и фитнес': готово (3090 результатов), сохраняю...
2025-12-17 15:55:20,614 [INFO] app.services.similarity_engine.engine - [ENGINE] [26/48] 'здоровье и фитнес': сохранено 3090 результатов
2025-12-17 15:55:22,631 [INFO] app.services.similarity_engine.engine - [ENGINE] [27/48] 'карьера': 3093 каналов → расчёт...
2025-12-17 15:56:13,825 [INFO] app.services.similarity_engine.engine - [ENGINE] [27/48] 'карьера': готово (3093 результатов), сохраняю...
2025-12-17 15:56:23,427 [INFO] app.services.similarity_engine.engine - [ENGINE] [27/48] 'карьера': сохранено 3093 результатов
2025-12-17 15:56:25,443 [INFO] app.services.similarity_engine.engine - [ENGINE] [28/48] 'telegram': 2864 каналов → расчёт...
2025-12-17 15:56:57,675 [INFO] app.services.similarity_engine.engine - [ENGINE] [28/48] 'telegram': готово (2864 результатов), сохраняю...
2025-12-17 15:57:00,980 [INFO] app.services.similarity_engine.engine - [ENGINE] [28/48] 'telegram': сохранено 2864 результатов
2025-12-17 15:57:02,992 [INFO] app.services.similarity_engine.engine - [ENGINE] [29/48] 'семья и дети': 2970 каналов → расчёт...
2025-12-17 15:57:45,638 [INFO] app.services.similarity_engine.engine - [ENGINE] [29/48] 'семья и дети': готово (2970 результатов), сохраняю...
2025-12-17 15:57:53,277 [INFO] app.services.similarity_engine.engine - [ENGINE] [29/48] 'семья и дети': сохранено 2970 результатов
2025-12-17 15:57:55,292 [INFO] app.services.similarity_engine.engine - [ENGINE] [30/48] 'маркетинг, pr, реклама': 2938 каналов → расчёт...
2025-12-17 15:58:35,432 [INFO] app.services.similarity_engine.engine - [ENGINE] [30/48] 'маркетинг, pr, реклама': готово (2938 результатов), сохраняю...
2025-12-17 15:58:43,153 [INFO] app.services.similarity_engine.engine - [ENGINE] [30/48] 'маркетинг, pr, реклама': сохранено 2938 результатов
2025-12-17 15:58:45,171 [INFO] app.services.similarity_engine.engine - [ENGINE] [31/48] 'транспорт': 2864 каналов → расчёт...
2025-12-17 15:59:20,193 [INFO] app.services.similarity_engine.engine - [ENGINE] [31/48] 'транспорт': готово (2864 результатов), сохраняю...
2025-12-17 15:59:26,177 [INFO] app.services.similarity_engine.engine - [ENGINE] [31/48] 'транспорт': сохранено 2864 результатов
2025-12-17 15:59:28,186 [INFO] app.services.similarity_engine.engine - [ENGINE] [32/48] 'медицина': 2820 каналов → расчёт...
2025-12-17 16:00:03,058 [INFO] app.services.similarity_engine.engine - [ENGINE] [32/48] 'медицина': готово (2820 результатов), сохраняю...
2025-12-17 16:00:09,631 [INFO] app.services.similarity_engine.engine - [ENGINE] [32/48] 'медицина': сохранено 2820 результатов
2025-12-17 16:00:11,647 [INFO] app.services.similarity_engine.engine - [ENGINE] [33/48] 'природа': 2574 каналов → расчёт...
2025-12-17 16:00:39,286 [INFO] app.services.similarity_engine.engine - [ENGINE] [33/48] 'природа': готово (2574 результатов), сохраняю...
2025-12-17 16:00:43,821 [INFO] app.services.similarity_engine.engine - [ENGINE] [33/48] 'природа': сохранено 2574 результатов
2025-12-17 16:00:45,837 [INFO] app.services.similarity_engine.engine - [ENGINE] [34/48] 'религия': 2356 каналов → расчёт...
2025-12-17 16:01:08,037 [INFO] app.services.similarity_engine.engine - [ENGINE] [34/48] 'религия': готово (2356 результатов), сохраняю...
2025-12-17 16:01:11,563 [INFO] app.services.similarity_engine.engine - [ENGINE] [34/48] 'религия': сохранено 2356 результатов
2025-12-17 16:01:13,575 [INFO] app.services.similarity_engine.engine - [ENGINE] [35/48] 'для взрослых': 1761 каналов → расчёт...
2025-12-17 16:01:24,255 [INFO] app.services.similarity_engine.engine - [ENGINE] [35/48] 'для взрослых': готово (1761 результатов), сохраняю...
2025-12-17 16:01:25,862 [INFO] app.services.similarity_engine.engine - [ENGINE] [35/48] 'для взрослых': сохранено 1761 результатов
2025-12-17 16:01:27,871 [INFO] app.services.similarity_engine.engine - [ENGINE] [36/48] 'букмекерство': 2119 каналов → расчёт...
2025-12-17 16:01:45,305 [INFO] app.services.similarity_engine.engine - [ENGINE] [36/48] 'букмекерство': готово (2119 результатов), сохраняю...
2025-12-17 16:01:48,688 [INFO] app.services.similarity_engine.engine - [ENGINE] [36/48] 'букмекерство': сохранено 2119 результатов
2025-12-17 16:01:50,698 [INFO] app.services.similarity_engine.engine - [ENGINE] [37/48] 'интерьер и строительство': 2234 каналов → расчёт...
2025-12-17 16:02:15,190 [INFO] app.services.similarity_engine.engine - [ENGINE] [37/48] 'интерьер и строительство': готово (2234 результатов), сохраняю...
2025-12-17 16:02:21,183 [INFO] app.services.similarity_engine.engine - [ENGINE] [37/48] 'интерьер и строительство': сохранено 2234 результатов
2025-12-17 16:02:23,194 [INFO] app.services.similarity_engine.engine - [ENGINE] [38/48] 'лингвистика': 1662 каналов → расчёт...
2025-12-17 16:02:37,369 [INFO] app.services.similarity_engine.engine - [ENGINE] [38/48] 'лингвистика': готово (1662 результатов), сохраняю...
2025-12-17 16:02:41,449 [INFO] app.services.similarity_engine.engine - [ENGINE] [38/48] 'лингвистика': сохранено 1662 результатов
2025-12-17 16:02:43,462 [INFO] app.services.similarity_engine.engine - [ENGINE] [39/48] 'рукоделие': 1462 каналов → расчёт...
2025-12-17 16:02:52,709 [INFO] app.services.similarity_engine.engine - [ENGINE] [39/48] 'рукоделие': готово (1462 результатов), сохраняю...
2025-12-17 16:02:55,226 [INFO] app.services.similarity_engine.engine - [ENGINE] [39/48] 'рукоделие': сохранено 1462 результатов
2025-12-17 16:02:57,233 [INFO] app.services.similarity_engine.engine - [ENGINE] [40/48] 'дизайн': 1309 каналов → расчёт...
2025-12-17 16:03:04,729 [INFO] app.services.similarity_engine.engine - [ENGINE] [40/48] 'дизайн': готово (1309 результатов), сохраняю...
2025-12-17 16:03:07,008 [INFO] app.services.similarity_engine.engine - [ENGINE] [40/48] 'дизайн': сохранено 1309 результатов
2025-12-17 16:03:09,022 [INFO] app.services.similarity_engine.engine - [ENGINE] [41/48] 'право': 1208 каналов → расчёт...
2025-12-17 16:03:15,730 [INFO] app.services.similarity_engine.engine - [ENGINE] [41/48] 'право': готово (1208 результатов), сохраняю...
2025-12-17 16:03:18,590 [INFO] app.services.similarity_engine.engine - [ENGINE] [41/48] 'право': сохранено 1208 результатов
2025-12-17 16:03:20,603 [INFO] app.services.similarity_engine.engine - [ENGINE] [42/48] 'эротика': 945 каналов → расчёт...
2025-12-17 16:03:22,895 [INFO] app.services.similarity_engine.engine - [ENGINE] [42/48] 'эротика': готово (945 результатов), сохраняю...
2025-12-17 16:03:23,512 [INFO] app.services.similarity_engine.engine - [ENGINE] [42/48] 'эротика': сохранено 945 результатов
2025-12-17 16:03:25,517 [INFO] app.services.similarity_engine.engine - [ENGINE] [43/48] 'шок-контент': 808 каналов → расчёт...
2025-12-17 16:03:27,423 [INFO] app.services.similarity_engine.engine - [ENGINE] [43/48] 'шок-контент': готово (808 результатов), сохраняю...
2025-12-17 16:03:27,962 [INFO] app.services.similarity_engine.engine - [ENGINE] [43/48] 'шок-контент': сохранено 808 результатов
2025-12-17 16:03:29,974 [INFO] app.services.similarity_engine.engine - [ENGINE] [44/48] 'софт и приложения': 784 каналов → расчёт...
2025-12-17 16:03:32,020 [INFO] app.services.similarity_engine.engine - [ENGINE] [44/48] 'софт и приложения': готово (784 результатов), сохраняю...
2025-12-17 16:03:32,917 [INFO] app.services.similarity_engine.engine - [ENGINE] [44/48] 'софт и приложения': сохранено 784 результатов
2025-12-17 16:03:34,929 [INFO] app.services.similarity_engine.engine - [ENGINE] [45/48] 'инстаграм': 608 каналов → расчёт...
2025-12-17 16:03:36,606 [INFO] app.services.similarity_engine.engine - [ENGINE] [45/48] 'инстаграм': готово (608 результатов), сохраняю...
2025-12-17 16:03:37,398 [INFO] app.services.similarity_engine.engine - [ENGINE] [45/48] 'инстаграм': сохранено 608 результатов
2025-12-17 16:03:39,410 [INFO] app.services.similarity_engine.engine - [ENGINE] [46/48] 'даркнет': 276 каналов → расчёт...
2025-12-17 16:03:39,644 [INFO] app.services.similarity_engine.engine - [ENGINE] [46/48] 'даркнет': готово (276 результатов), сохраняю...
2025-12-17 16:03:39,839 [INFO] app.services.similarity_engine.engine - [ENGINE] [46/48] 'даркнет': сохранено 276 результатов
2025-12-17 16:03:41,851 [INFO] app.services.similarity_engine.engine - [ENGINE] [47/48] 'курсы и гайды': 228 каналов → расчёт...
2025-12-17 16:03:41,983 [INFO] app.services.similarity_engine.engine - [ENGINE] [47/48] 'курсы и гайды': готово (228 результатов), сохраняю...
2025-12-17 16:03:42,194 [INFO] app.services.similarity_engine.engine - [ENGINE] [47/48] 'курсы и гайды': сохранено 228 результатов
2025-12-17 16:03:44,201 [INFO] app.services.similarity_engine.engine - [ENGINE] [48/48] 'не указана': 13 каналов → расчёт...
2025-12-17 16:03:44,205 [INFO] app.services.similarity_engine.engine - [ENGINE] [48/48] 'не указана': готово (13 результатов), сохраняю...
2025-12-17 16:03:44,300 [INFO] app.services.similarity_engine.engine - [ENGINE] [48/48] 'не указана': сохранено 13 результатов
2025-12-17 16:03:46,311 [INFO] app.services.similarity_engine.engine - [ENGINE] обработано категорий: 48, пропущено (мало каналов): 0
2025-12-17 16:03:46,312 [INFO] app.services.similarity_engine.engine - [ENGINE] готово, всего сохранено: 188035
2025-12-17 16:03:46,580 [INFO] __main__ - ============================================================
2025-12-17 16:03:46,580 [INFO] __main__ - ГОТОВО
2025-12-17 16:03:46,581 [INFO] __main__ - ============================================================
