2025-12-16 14:16:09,948 [INFO] __main__ - ============================================================
2025-12-16 14:16:09,948 [INFO] __main__ - BATCH SIMILARITY (по категориям)
2025-12-16 14:16:09,948 [INFO] __main__ - top_n=10
2025-12-16 14:16:09,948 [INFO] __main__ - ============================================================
2025-12-16 14:16:09,948 [INFO] app.services.similarity_engine.engine - [ENGINE] загрузка данных...
2025-12-16 14:16:18,061 [INFO] app.services.similarity_engine.engine - [ENGINE] категорий: 48, каналов: 198789
2025-12-16 14:16:18,077 [INFO] app.services.similarity_engine.engine - [ENGINE] [1/48] 'блоги': 18840 каналов → расчёт...
2025-12-16 14:32:53,265 [INFO] app.services.similarity_engine.engine - [ENGINE] [1/48] 'блоги': готово (18840 результатов)
2025-12-16 14:32:53,297 [INFO] app.services.similarity_engine.engine - [ENGINE] [2/48] 'новости и сми': 15812 каналов → расчёт...
2025-12-16 14:45:30,537 [INFO] app.services.similarity_engine.engine - [ENGINE] [2/48] 'новости и сми': готово (15812 результатов)
2025-12-16 14:45:30,570 [INFO] app.services.similarity_engine.engine - [ENGINE] [3/48] 'мода и красота': 10883 каналов → расчёт...
2025-12-16 14:52:10,320 [INFO] app.services.similarity_engine.engine - [ENGINE] [3/48] 'мода и красота': готово (10883 результатов)
2025-12-16 14:52:10,345 [INFO] app.services.similarity_engine.engine - [ENGINE] [4/48] 'игры': 8934 каналов → расчёт...
2025-12-16 14:56:08,947 [INFO] app.services.similarity_engine.engine - [ENGINE] [4/48] 'игры': готово (8934 результатов)
2025-12-16 14:56:08,975 [INFO] app.services.similarity_engine.engine - [ENGINE] [5/48] 'другое': 8265 каналов → расчёт...
2025-12-16 14:59:33,036 [INFO] app.services.similarity_engine.engine - [ENGINE] [5/48] 'другое': готово (8265 результатов)
2025-12-16 14:59:33,059 [INFO] app.services.similarity_engine.engine - [ENGINE] [6/48] 'продажи': 6077 каналов → расчёт...
2025-12-16 15:01:44,237 [INFO] app.services.similarity_engine.engine - [ENGINE] [6/48] 'продажи': готово (6077 результатов)
2025-12-16 15:01:44,258 [INFO] app.services.similarity_engine.engine - [ENGINE] [7/48] 'образование': 5781 каналов → расчёт...
2025-12-16 15:03:33,547 [INFO] app.services.similarity_engine.engine - [ENGINE] [7/48] 'образование': готово (5781 результатов)
2025-12-16 15:03:33,571 [INFO] app.services.similarity_engine.engine - [ENGINE] [8/48] 'криптовалюты': 5661 каналов → расчёт...
2025-12-16 15:05:15,395 [INFO] app.services.similarity_engine.engine - [ENGINE] [8/48] 'криптовалюты': готово (5661 результатов)
2025-12-16 15:05:15,417 [INFO] app.services.similarity_engine.engine - [ENGINE] [9/48] 'психология': 5429 каналов → расчёт...
2025-12-16 15:07:02,303 [INFO] app.services.similarity_engine.engine - [ENGINE] [9/48] 'психология': готово (5429 результатов)
2025-12-16 15:07:02,326 [INFO] app.services.similarity_engine.engine - [ENGINE] [10/48] 'бизнес и стартапы': 5158 каналов → расчёт...
2025-12-16 15:08:42,350 [INFO] app.services.similarity_engine.engine - [ENGINE] [10/48] 'бизнес и стартапы': готово (5158 результатов)
2025-12-16 15:08:42,373 [INFO] app.services.similarity_engine.engine - [ENGINE] [11/48] 'музыка': 4395 каналов → расчёт...
2025-12-16 15:09:41,604 [INFO] app.services.similarity_engine.engine - [ENGINE] [11/48] 'музыка': готово (4395 результатов)
2025-12-16 15:09:41,624 [INFO] app.services.similarity_engine.engine - [ENGINE] [12/48] 'путешествия': 4755 каналов → расчёт...
2025-12-16 15:11:03,470 [INFO] app.services.similarity_engine.engine - [ENGINE] [12/48] 'путешествия': готово (4755 результатов)
2025-12-16 15:11:03,492 [INFO] app.services.similarity_engine.engine - [ENGINE] [13/48] 'юмор и развлечения': 4454 каналов → расчёт...
2025-12-16 15:12:03,898 [INFO] app.services.similarity_engine.engine - [ENGINE] [13/48] 'юмор и развлечения': готово (4454 результатов)
2025-12-16 15:12:03,919 [INFO] app.services.similarity_engine.engine - [ENGINE] [14/48] 'технологии': 4608 каналов → расчёт...
2025-12-16 15:13:15,214 [INFO] app.services.similarity_engine.engine - [ENGINE] [14/48] 'технологии': готово (4608 результатов)
2025-12-16 15:13:15,235 [INFO] app.services.similarity_engine.engine - [ENGINE] [15/48] 'картинки и фото': 4004 каналов → расчёт...
2025-12-16 15:14:03,755 [INFO] app.services.similarity_engine.engine - [ENGINE] [15/48] 'картинки и фото': готово (4004 результатов)
2025-12-16 15:14:03,761 [INFO] app.services.similarity_engine.engine - [ENGINE] [16/48] 'спорт': 3949 каналов → расчёт...
2025-12-16 15:14:52,325 [INFO] app.services.similarity_engine.engine - [ENGINE] [16/48] 'спорт': готово (3949 результатов)
2025-12-16 15:14:52,343 [INFO] app.services.similarity_engine.engine - [ENGINE] [17/48] 'политика': 3679 каналов → расчёт...
2025-12-16 15:15:35,846 [INFO] app.services.similarity_engine.engine - [ENGINE] [17/48] 'политика': готово (3679 результатов)
2025-12-16 15:15:35,867 [INFO] app.services.similarity_engine.engine - [ENGINE] [18/48] 'еда и кулинария': 3689 каналов → расчёт...
2025-12-16 15:16:23,172 [INFO] app.services.similarity_engine.engine - [ENGINE] [18/48] 'еда и кулинария': готово (3689 результатов)
2025-12-16 15:16:23,194 [INFO] app.services.similarity_engine.engine - [ENGINE] [19/48] 'цитаты': 3079 каналов → расчёт...
2025-12-16 15:16:49,783 [INFO] app.services.similarity_engine.engine - [ENGINE] [19/48] 'цитаты': готово (3079 результатов)
2025-12-16 15:16:49,801 [INFO] app.services.similarity_engine.engine - [ENGINE] [20/48] 'видео и фильмы': 3332 каналов → расчёт...
2025-12-16 15:17:24,749 [INFO] app.services.similarity_engine.engine - [ENGINE] [20/48] 'видео и фильмы': готово (3332 результатов)
2025-12-16 15:17:24,766 [INFO] app.services.similarity_engine.engine - [ENGINE] [21/48] 'эзотерика': 3409 каналов → расчёт...
2025-12-16 15:18:06,629 [INFO] app.services.similarity_engine.engine - [ENGINE] [21/48] 'эзотерика': готово (3409 результатов)
2025-12-16 15:18:06,648 [INFO] app.services.similarity_engine.engine - [ENGINE] [22/48] 'экономика': 3401 каналов → расчёт...
2025-12-16 15:18:49,792 [INFO] app.services.similarity_engine.engine - [ENGINE] [22/48] 'экономика': готово (3401 результатов)
2025-12-16 15:18:49,808 [INFO] app.services.similarity_engine.engine - [ENGINE] [23/48] 'познавательное': 3234 каналов → расчёт...
2025-12-16 15:19:26,274 [INFO] app.services.similarity_engine.engine - [ENGINE] [23/48] 'познавательное': готово (3234 результатов)
2025-12-16 15:19:26,288 [INFO] app.services.similarity_engine.engine - [ENGINE] [24/48] 'искусство': 3136 каналов → расчёт...
2025-12-16 15:19:59,706 [INFO] app.services.similarity_engine.engine - [ENGINE] [24/48] 'искусство': готово (3136 результатов)
2025-12-16 15:19:59,724 [INFO] app.services.similarity_engine.engine - [ENGINE] [25/48] 'книги': 3084 каналов → расчёт...
2025-12-16 15:20:36,093 [INFO] app.services.similarity_engine.engine - [ENGINE] [25/48] 'книги': готово (3084 результатов)
2025-12-16 15:20:36,123 [INFO] app.services.similarity_engine.engine - [ENGINE] [26/48] 'здоровье и фитнес': 3090 каналов → расчёт...
2025-12-16 15:21:12,437 [INFO] app.services.similarity_engine.engine - [ENGINE] [26/48] 'здоровье и фитнес': готово (3090 результатов)
2025-12-16 15:21:12,464 [INFO] app.services.similarity_engine.engine - [ENGINE] [27/48] 'карьера': 3093 каналов → расчёт...
2025-12-16 15:21:51,343 [INFO] app.services.similarity_engine.engine - [ENGINE] [27/48] 'карьера': готово (3093 результатов)
2025-12-16 15:21:51,365 [INFO] app.services.similarity_engine.engine - [ENGINE] [28/48] 'telegram': 2864 каналов → расчёт...
2025-12-16 15:22:17,757 [INFO] app.services.similarity_engine.engine - [ENGINE] [28/48] 'telegram': готово (2864 результатов)
2025-12-16 15:22:17,775 [INFO] app.services.similarity_engine.engine - [ENGINE] [29/48] 'семья и дети': 2970 каналов → расчёт...
2025-12-16 15:22:52,528 [INFO] app.services.similarity_engine.engine - [ENGINE] [29/48] 'семья и дети': готово (2970 результатов)
2025-12-16 15:22:52,543 [INFO] app.services.similarity_engine.engine - [ENGINE] [30/48] 'маркетинг, pr, реклама': 2938 каналов → расчёт...
2025-12-16 15:23:25,368 [INFO] app.services.similarity_engine.engine - [ENGINE] [30/48] 'маркетинг, pr, реклама': готово (2938 результатов)
2025-12-16 15:23:25,383 [INFO] app.services.similarity_engine.engine - [ENGINE] [31/48] 'транспорт': 2864 каналов → расчёт...
2025-12-16 15:23:54,063 [INFO] app.services.similarity_engine.engine - [ENGINE] [31/48] 'транспорт': готово (2864 результатов)
2025-12-16 15:23:54,077 [INFO] app.services.similarity_engine.engine - [ENGINE] [32/48] 'медицина': 2820 каналов → расчёт...
2025-12-16 15:24:22,884 [INFO] app.services.similarity_engine.engine - [ENGINE] [32/48] 'медицина': готово (2820 результатов)
2025-12-16 15:24:22,900 [INFO] app.services.similarity_engine.engine - [ENGINE] [33/48] 'природа': 2574 каналов → расчёт...
2025-12-16 15:24:45,758 [INFO] app.services.similarity_engine.engine - [ENGINE] [33/48] 'природа': готово (2574 результатов)
2025-12-16 15:24:45,773 [INFO] app.services.similarity_engine.engine - [ENGINE] [34/48] 'религия': 2356 каналов → расчёт...
2025-12-16 15:25:03,890 [INFO] app.services.similarity_engine.engine - [ENGINE] [34/48] 'религия': готово (2356 результатов)
2025-12-16 15:25:03,900 [INFO] app.services.similarity_engine.engine - [ENGINE] [35/48] 'для взрослых': 1761 каналов → расчёт...
2025-12-16 15:25:13,533 [INFO] app.services.similarity_engine.engine - [ENGINE] [35/48] 'для взрослых': готово (1761 результатов)
2025-12-16 15:25:13,535 [INFO] app.services.similarity_engine.engine - [ENGINE] [36/48] 'букмекерство': 2119 каналов → расчёт...
2025-12-16 15:25:27,902 [INFO] app.services.similarity_engine.engine - [ENGINE] [36/48] 'букмекерство': готово (2119 результатов)
2025-12-16 15:25:27,905 [INFO] app.services.similarity_engine.engine - [ENGINE] [37/48] 'интерьер и строительство': 2233 каналов → расчёт...
2025-12-16 15:25:47,311 [INFO] app.services.similarity_engine.engine - [ENGINE] [37/48] 'интерьер и строительство': готово (2233 результатов)
2025-12-16 15:25:47,320 [INFO] app.services.similarity_engine.engine - [ENGINE] [38/48] 'лингвистика': 1662 каналов → расчёт...
2025-12-16 15:25:58,390 [INFO] app.services.similarity_engine.engine - [ENGINE] [38/48] 'лингвистика': готово (1662 результатов)
2025-12-16 15:25:58,400 [INFO] app.services.similarity_engine.engine - [ENGINE] [39/48] 'рукоделие': 1462 каналов → расчёт...
2025-12-16 15:26:05,659 [INFO] app.services.similarity_engine.engine - [ENGINE] [39/48] 'рукоделие': готово (1462 результатов)
2025-12-16 15:26:05,666 [INFO] app.services.similarity_engine.engine - [ENGINE] [40/48] 'дизайн': 1309 каналов → расчёт...
2025-12-16 15:26:11,571 [INFO] app.services.similarity_engine.engine - [ENGINE] [40/48] 'дизайн': готово (1309 результатов)
2025-12-16 15:26:11,575 [INFO] app.services.similarity_engine.engine - [ENGINE] [41/48] 'право': 1208 каналов → расчёт...
2025-12-16 15:26:16,899 [INFO] app.services.similarity_engine.engine - [ENGINE] [41/48] 'право': готово (1208 результатов)
2025-12-16 15:26:16,905 [INFO] app.services.similarity_engine.engine - [ENGINE] [42/48] 'эротика': 945 каналов → расчёт...
2025-12-16 15:26:18,682 [INFO] app.services.similarity_engine.engine - [ENGINE] [42/48] 'эротика': готово (945 результатов)
2025-12-16 15:26:18,686 [INFO] app.services.similarity_engine.engine - [ENGINE] [43/48] 'шок-контент': 808 каналов → расчёт...
2025-12-16 15:26:20,144 [INFO] app.services.similarity_engine.engine - [ENGINE] [43/48] 'шок-контент': готово (808 результатов)
2025-12-16 15:26:20,149 [INFO] app.services.similarity_engine.engine - [ENGINE] [44/48] 'софт и приложения': 784 каналов → расчёт...
2025-12-16 15:26:21,668 [INFO] app.services.similarity_engine.engine - [ENGINE] [44/48] 'софт и приложения': готово (784 результатов)
2025-12-16 15:26:21,671 [INFO] app.services.similarity_engine.engine - [ENGINE] [45/48] 'инстаграм': 608 каналов → расчёт...
2025-12-16 15:26:22,696 [INFO] app.services.similarity_engine.engine - [ENGINE] [45/48] 'инстаграм': готово (608 результатов)
2025-12-16 15:26:22,699 [INFO] app.services.similarity_engine.engine - [ENGINE] [46/48] 'даркнет': 276 каналов → расчёт...
2025-12-16 15:26:22,854 [INFO] app.services.similarity_engine.engine - [ENGINE] [46/48] 'даркнет': готово (276 результатов)
2025-12-16 15:26:22,855 [INFO] app.services.similarity_engine.engine - [ENGINE] [47/48] 'курсы и гайды': 228 каналов → расчёт...
2025-12-16 15:26:22,973 [INFO] app.services.similarity_engine.engine - [ENGINE] [47/48] 'курсы и гайды': готово (228 результатов)
2025-12-16 15:26:22,973 [INFO] app.services.similarity_engine.engine - [ENGINE] [48/48] 'не указана': 13 каналов → расчёт...
2025-12-16 15:26:22,974 [INFO] app.services.similarity_engine.engine - [ENGINE] [48/48] 'не указана': готово (13 результатов)
2025-12-16 15:26:22,974 [INFO] app.services.similarity_engine.engine - [ENGINE] обработано категорий: 48, пропущено (мало каналов): 0
2025-12-16 15:26:22,974 [INFO] app.services.similarity_engine.engine - [ENGINE] сохраняю результаты для 188033 каналов...
2025-12-16 15:26:24,432 [INFO] app.services.similarity_engine.engine - [ENGINE] сохранено 5000/188033 результатов...
2025-12-16 15:26:26,333 [INFO] app.services.similarity_engine.engine - [ENGINE] сохранено 10000/188033 результатов...
2025-12-16 15:26:27,397 [INFO] app.services.similarity_engine.engine - [ENGINE] сохранено 15000/188033 результатов...
2025-12-16 15:26:28,997 [INFO] app.services.similarity_engine.engine - [ENGINE] сохранено 20000/188033 результатов...
2025-12-16 15:26:30,071 [INFO] app.services.similarity_engine.engine - [ENGINE] сохранено 25000/188033 результатов...
2025-12-16 15:26:31,143 [INFO] app.services.similarity_engine.engine - [ENGINE] сохранено 30000/188033 результатов...
2025-12-16 15:26:32,642 [INFO] app.services.similarity_engine.engine - [ENGINE] сохранено 35000/188033 результатов...
2025-12-16 15:26:33,683 [INFO] app.services.similarity_engine.engine - [ENGINE] сохранено 40000/188033 результатов...
2025-12-16 15:26:35,243 [INFO] app.services.similarity_engine.engine - [ENGINE] сохранено 45000/188033 результатов...
2025-12-16 15:26:36,288 [INFO] app.services.similarity_engine.engine - [ENGINE] сохранено 50000/188033 результатов...
2025-12-16 15:26:37,844 [INFO] app.services.similarity_engine.engine - [ENGINE] сохранено 55000/188033 результатов...
2025-12-16 15:26:38,949 [INFO] app.services.similarity_engine.engine - [ENGINE] сохранено 60000/188033 результатов...
2025-12-16 15:26:40,494 [INFO] app.services.similarity_engine.engine - [ENGINE] сохранено 65000/188033 результатов...
2025-12-16 15:26:41,514 [INFO] app.services.similarity_engine.engine - [ENGINE] сохранено 70000/188033 результатов...
2025-12-16 15:26:43,097 [INFO] app.services.similarity_engine.engine - [ENGINE] сохранено 75000/188033 результатов...
2025-12-16 15:26:44,175 [INFO] app.services.similarity_engine.engine - [ENGINE] сохранено 80000/188033 результатов...
2025-12-16 15:26:45,274 [INFO] app.services.similarity_engine.engine - [ENGINE] сохранено 85000/188033 результатов...
2025-12-16 15:26:46,835 [INFO] app.services.similarity_engine.engine - [ENGINE] сохранено 90000/188033 результатов...
2025-12-16 15:26:47,900 [INFO] app.services.similarity_engine.engine - [ENGINE] сохранено 95000/188033 результатов...
2025-12-16 15:26:49,488 [INFO] app.services.similarity_engine.engine - [ENGINE] сохранено 100000/188033 результатов...
2025-12-16 15:26:50,689 [INFO] app.services.similarity_engine.engine - [ENGINE] сохранено 105000/188033 результатов...
2025-12-16 15:26:52,502 [INFO] app.services.similarity_engine.engine - [ENGINE] сохранено 110000/188033 результатов...
2025-12-16 15:26:53,476 [INFO] app.services.similarity_engine.engine - [ENGINE] сохранено 115000/188033 результатов...
2025-12-16 15:26:55,280 [INFO] app.services.similarity_engine.engine - [ENGINE] сохранено 120000/188033 результатов...
2025-12-16 15:26:56,366 [INFO] app.services.similarity_engine.engine - [ENGINE] сохранено 125000/188033 результатов...
2025-12-16 15:26:58,076 [INFO] app.services.similarity_engine.engine - [ENGINE] сохранено 130000/188033 результатов...
2025-12-16 15:26:59,453 [INFO] app.services.similarity_engine.engine - [ENGINE] сохранено 135000/188033 результатов...
2025-12-16 15:27:00,584 [INFO] app.services.similarity_engine.engine - [ENGINE] сохранено 140000/188033 результатов...
2025-12-16 15:27:02,336 [INFO] app.services.similarity_engine.engine - [ENGINE] сохранено 145000/188033 результатов...
2025-12-16 15:27:03,516 [INFO] app.services.similarity_engine.engine - [ENGINE] сохранено 150000/188033 результатов...
2025-12-16 15:27:05,155 [INFO] app.services.similarity_engine.engine - [ENGINE] сохранено 155000/188033 результатов...
2025-12-16 15:27:06,274 [INFO] app.services.similarity_engine.engine - [ENGINE] сохранено 160000/188033 результатов...
2025-12-16 15:27:07,873 [INFO] app.services.similarity_engine.engine - [ENGINE] сохранено 165000/188033 результатов...
2025-12-16 15:27:08,977 [INFO] app.services.similarity_engine.engine - [ENGINE] сохранено 170000/188033 результатов...
2025-12-16 15:27:10,642 [INFO] app.services.similarity_engine.engine - [ENGINE] сохранено 175000/188033 результатов...
2025-12-16 15:27:11,726 [INFO] app.services.similarity_engine.engine - [ENGINE] сохранено 180000/188033 результатов...
2025-12-16 15:27:13,369 [INFO] app.services.similarity_engine.engine - [ENGINE] сохранено 185000/188033 результатов...
2025-12-16 15:27:14,095 [INFO] app.services.similarity_engine.engine - [ENGINE] сохранено 188033/188033 результатов...
2025-12-16 15:27:14,096 [INFO] app.services.similarity_engine.engine - [ENGINE] готово, всего сохранено: 188033
2025-12-16 15:27:14,736 [INFO] __main__ - ============================================================
2025-12-16 15:27:14,736 [INFO] __main__ - ГОТОВО
2025-12-16 15:27:14,736 [INFO] __main__ - ============================================================
